[2019-08-04 07:28:11.767] [exthost] [info] extension host started
[2019-08-04 07:28:11.887] [exthost] [info] ExtensionService#_doActivateExtension vscode.debug-auto-launch {"startup":true,"activationEvent":"*"}
[2019-08-04 07:28:11.887] [exthost] [info] ExtensionService#loadCommonJSModule /usr/share/code/resources/app/extensions/debug-auto-launch/dist/extension
[2019-08-04 07:28:11.915] [exthost] [info] ExtensionService#_doActivateExtension vscode.emmet {"startup":true,"activationEvent":"*"}
[2019-08-04 07:28:11.915] [exthost] [info] ExtensionService#loadCommonJSModule /usr/share/code/resources/app/extensions/emmet/dist/extension
[2019-08-04 07:28:11.958] [exthost] [info] ExtensionService#_doActivateExtension vscode.git {"startup":true,"activationEvent":"*"}
[2019-08-04 07:28:11.958] [exthost] [info] ExtensionService#loadCommonJSModule /usr/share/code/resources/app/extensions/git/dist/main
[2019-08-04 07:28:12.152] [exthost] [info] ExtensionService#_doActivateExtension vscode.merge-conflict {"startup":true,"activationEvent":"*"}
[2019-08-04 07:28:12.152] [exthost] [info] ExtensionService#loadCommonJSModule /usr/share/code/resources/app/extensions/merge-conflict/dist/extension
[2019-08-04 07:28:12.170] [exthost] [info] ExtensionService#_doActivateExtension AllenLawrence.auto-mongodb {"startup":true,"activationEvent":"*"}
[2019-08-04 07:28:12.170] [exthost] [info] ExtensionService#loadCommonJSModule /root/.vscode/extensions/allenlawrence.auto-mongodb-0.1.0/out/extension
[2019-08-04 07:28:14.537] [exthost] [info] ExtensionService#_doActivateExtension dbaeumer.vscode-eslint {"startup":true,"activationEvent":"*"}
[2019-08-04 07:28:14.537] [exthost] [info] ExtensionService#loadCommonJSModule /root/.vscode/extensions/dbaeumer.vscode-eslint-1.9.0/client/out/extension
[2019-08-04 07:28:14.602] [exthost] [info] ExtensionService#_doActivateExtension ms-vscode.sublime-keybindings {"startup":true,"activationEvent":"*"}
[2019-08-04 07:28:14.602] [exthost] [info] ExtensionService#loadCommonJSModule /root/.vscode/extensions/ms-vscode.sublime-keybindings-4.0.3/out/extension
[2019-08-04 07:28:14.676] [exthost] [info] ExtensionService#_doActivateExtension PKief.material-icon-theme {"startup":true,"activationEvent":"*"}
[2019-08-04 07:28:14.676] [exthost] [info] ExtensionService#loadCommonJSModule /root/.vscode/extensions/pkief.material-icon-theme-3.8.1/dist/extension
[2019-08-04 07:28:14.716] [exthost] [info] ExtensionService#_doActivateExtension ritwickdey.LiveServer {"startup":true,"activationEvent":"*"}
[2019-08-04 07:28:14.716] [exthost] [info] ExtensionService#loadCommonJSModule /root/.vscode/extensions/ritwickdey.liveserver-5.6.1/out/src/extension
[2019-08-04 07:28:17.441] [exthost] [info] eager extensions activated
[2019-08-04 07:35:34.545] [exthost] [info] ExtensionService#_doActivateExtension vscode.configuration-editing {"startup":false,"activationEvent":"onLanguage:json"}
[2019-08-04 07:35:34.545] [exthost] [info] ExtensionService#loadCommonJSModule /usr/share/code/resources/app/extensions/configuration-editing/dist/extension
[2019-08-04 07:35:34.716] [exthost] [info] ExtensionService#_doActivateExtension vscode.extension-editing {"startup":false,"activationEvent":"onLanguage:json"}
[2019-08-04 07:35:34.716] [exthost] [info] ExtensionService#loadCommonJSModule /usr/share/code/resources/app/extensions/extension-editing/dist/extension
[2019-08-04 07:35:34.888] [exthost] [info] ExtensionService#_doActivateExtension vscode.json-language-features {"startup":false,"activationEvent":"onLanguage:json"}
[2019-08-04 07:35:34.888] [exthost] [info] ExtensionService#loadCommonJSModule /usr/share/code/resources/app/extensions/json-language-features/client/dist/jsonMain
[2019-08-04 07:35:35.364] [exthost] [info] ExtensionService#_doActivateExtension vscode.npm {"startup":false,"activationEvent":"onLanguage:json"}
[2019-08-04 07:35:35.373] [exthost] [info] ExtensionService#loadCommonJSModule /usr/share/code/resources/app/extensions/npm/dist/main
[2019-08-04 07:50:56.213] [exthost] [info] ExtensionService#_doActivateExtension vscode.typescript-language-features {"startup":false,"activationEvent":"onLanguage:javascriptreact"}
[2019-08-04 07:50:56.213] [exthost] [info] ExtensionService#loadCommonJSModule /usr/share/code/resources/app/extensions/typescript-language-features/dist/extension
